2023-03-30T10:12:15+00:00 DEBUG tt4b_product_sync: missing access token for tt4b_product_sync
2023-03-30T10:12:15+00:00 DEBUG tt4b_product_sync: missing access token for tt4b_product_sync
2023-03-30T10:12:16+00:00 DEBUG tt4b_product_sync: missing access token for tt4b_product_sync
2023-03-30T10:12:16+00:00 DEBUG tt4b_product_sync: missing access token for tt4b_product_sync
2023-03-30T10:12:16+00:00 DEBUG tt4b_product_sync: missing access token for tt4b_product_sync
2023-03-30T10:12:17+00:00 DEBUG tt4b_product_sync: missing access token for tt4b_product_sync
2023-03-30T10:12:17+00:00 DEBUG tt4b_product_sync: missing access token for tt4b_product_sync
2023-03-30T10:12:17+00:00 DEBUG tt4b_product_sync: missing access token for tt4b_product_sync
2023-03-30T10:12:18+00:00 DEBUG tt4b_product_sync: missing access token for tt4b_product_sync
2023-03-30T10:12:18+00:00 DEBUG tt4b_product_sync: missing access token for tt4b_product_sync
2023-03-30T10:12:18+00:00 DEBUG tt4b_product_sync: missing access token for tt4b_product_sync
2023-03-30T10:12:19+00:00 DEBUG tt4b_product_sync: missing access token for tt4b_product_sync
2023-03-30T10:12:19+00:00 DEBUG tt4b_product_sync: missing access token for tt4b_product_sync
2023-03-30T10:12:19+00:00 DEBUG tt4b_product_sync: missing access token for tt4b_product_sync
2023-03-30T10:12:19+00:00 DEBUG tt4b_product_sync: missing access token for tt4b_product_sync
2023-03-30T10:12:19+00:00 DEBUG tt4b_product_sync: missing access token for tt4b_product_sync
2023-03-30T10:12:20+00:00 DEBUG tt4b_product_sync: missing access token for tt4b_product_sync
2023-03-30T10:12:20+00:00 DEBUG tt4b_product_sync: missing access token for tt4b_product_sync
2023-03-30T10:12:20+00:00 DEBUG tt4b_product_sync: missing access token for tt4b_product_sync
2023-03-30T10:12:20+00:00 DEBUG tt4b_product_sync: missing access token for tt4b_product_sync
2023-03-30T10:12:21+00:00 DEBUG tt4b_product_sync: missing access token for tt4b_product_sync
2023-03-30T10:12:21+00:00 DEBUG tt4b_product_sync: missing access token for tt4b_product_sync
2023-03-30T10:12:21+00:00 DEBUG tt4b_product_sync: missing access token for tt4b_product_sync
2023-03-30T10:12:21+00:00 DEBUG tt4b_product_sync: missing access token for tt4b_product_sync
2023-03-30T10:12:21+00:00 DEBUG tt4b_product_sync: missing access token for tt4b_product_sync
2023-03-30T10:12:22+00:00 DEBUG tt4b_product_sync: missing access token for tt4b_product_sync
2023-03-30T10:12:22+00:00 DEBUG tt4b_product_sync: missing access token for tt4b_product_sync
2023-03-30T10:12:22+00:00 DEBUG tt4b_product_sync: missing access token for tt4b_product_sync
2023-03-30T10:12:22+00:00 DEBUG tt4b_product_sync: missing access token for tt4b_product_sync
2023-03-30T10:12:23+00:00 DEBUG tt4b_product_sync: missing access token for tt4b_product_sync
2023-03-30T10:12:23+00:00 DEBUG tt4b_product_sync: missing access token for tt4b_product_sync
2023-03-30T10:12:41+00:00 DEBUG tt4b_product_sync: missing access token for tt4b_product_sync
2023-03-30T10:12:42+00:00 DEBUG tt4b_product_sync: missing access token for tt4b_product_sync
2023-03-30T10:12:42+00:00 DEBUG tt4b_product_sync: missing access token for tt4b_product_sync
2023-03-30T10:12:42+00:00 DEBUG tt4b_product_sync: missing access token for tt4b_product_sync
2023-03-30T10:12:43+00:00 DEBUG tt4b_product_sync: missing access token for tt4b_product_sync
2023-03-30T10:12:43+00:00 DEBUG tt4b_product_sync: missing access token for tt4b_product_sync
2023-03-30T10:12:43+00:00 DEBUG tt4b_product_sync: missing access token for tt4b_product_sync
2023-03-30T10:12:44+00:00 DEBUG tt4b_product_sync: missing access token for tt4b_product_sync
2023-03-30T10:12:44+00:00 DEBUG tt4b_product_sync: missing access token for tt4b_product_sync
2023-03-30T10:12:45+00:00 DEBUG tt4b_product_sync: missing access token for tt4b_product_sync
2023-03-30T10:12:45+00:00 DEBUG tt4b_product_sync: missing access token for tt4b_product_sync
2023-03-30T10:12:46+00:00 DEBUG tt4b_product_sync: missing access token for tt4b_product_sync
2023-03-30T10:12:46+00:00 DEBUG tt4b_product_sync: missing access token for tt4b_product_sync
2023-03-30T10:12:47+00:00 DEBUG tt4b_product_sync: missing access token for tt4b_product_sync
2023-03-30T10:12:47+00:00 DEBUG tt4b_product_sync: missing access token for tt4b_product_sync
2023-03-30T10:12:48+00:00 DEBUG tt4b_product_sync: missing access token for tt4b_product_sync
2023-03-30T10:12:48+00:00 DEBUG tt4b_product_sync: missing access token for tt4b_product_sync
2023-03-30T10:12:48+00:00 DEBUG tt4b_product_sync: missing access token for tt4b_product_sync
2023-03-30T10:12:49+00:00 DEBUG tt4b_product_sync: missing access token for tt4b_product_sync
2023-03-30T10:12:49+00:00 DEBUG tt4b_product_sync: missing access token for tt4b_product_sync
2023-03-30T10:12:49+00:00 DEBUG tt4b_product_sync: missing access token for tt4b_product_sync
2023-03-30T10:12:50+00:00 DEBUG tt4b_product_sync: missing access token for tt4b_product_sync
2023-03-30T10:12:50+00:00 DEBUG tt4b_product_sync: missing access token for tt4b_product_sync
2023-03-30T10:12:51+00:00 DEBUG tt4b_product_sync: missing access token for tt4b_product_sync
2023-03-30T10:12:51+00:00 DEBUG tt4b_product_sync: missing access token for tt4b_product_sync
2023-03-30T10:12:51+00:00 DEBUG tt4b_product_sync: missing access token for tt4b_product_sync
2023-03-30T10:12:52+00:00 DEBUG tt4b_product_sync: missing access token for tt4b_product_sync
2023-03-30T10:12:52+00:00 DEBUG tt4b_product_sync: missing access token for tt4b_product_sync
2023-03-30T10:12:53+00:00 DEBUG tt4b_product_sync: missing access token for tt4b_product_sync
2023-03-30T10:12:53+00:00 DEBUG tt4b_product_sync: missing access token for tt4b_product_sync
2023-03-30T10:12:54+00:00 DEBUG tt4b_product_sync: missing access token for tt4b_product_sync
2023-03-30T10:34:07+00:00 DEBUG Tt4b_Pixel_Class::inject_view_content_event: hit injectViewContentEvent
2023-03-30T10:34:07+00:00 DEBUG Tt4b_Pixel_Class::inject_view_content_event: Missing option "access_token"
2023-03-30T10:34:19+00:00 DEBUG Tt4b_Pixel_Class::inject_add_to_cart_event: hit injectAddToCartEvent
2023-03-30T10:34:19+00:00 DEBUG Tt4b_Pixel_Class::inject_add_to_cart_event: Missing option "access_token"
2023-03-30T10:34:20+00:00 DEBUG Tt4b_Pixel_Class::inject_view_content_event: hit injectViewContentEvent
2023-03-30T10:34:20+00:00 DEBUG Tt4b_Pixel_Class::inject_view_content_event: Missing option "access_token"
2023-03-30T10:34:40+00:00 DEBUG Tt4b_Pixel_Class::inject_start_checkout: hit injectStartCheckout
2023-03-30T10:34:40+00:00 DEBUG Tt4b_Pixel_Class::inject_start_checkout: Missing option "access_token"
2023-03-30T13:39:30+00:00 DEBUG tt4b_product_sync: missing access token for tt4b_product_sync
2023-03-30T13:41:34+00:00 DEBUG tt4b_product_sync: missing access token for tt4b_product_sync
2023-03-30T13:42:24+00:00 DEBUG tt4b_product_sync: missing access token for tt4b_product_sync
2023-03-30T13:44:46+00:00 DEBUG Tt4b_Pixel_Class::inject_view_content_event: hit injectViewContentEvent
2023-03-30T13:44:46+00:00 DEBUG Tt4b_Pixel_Class::inject_view_content_event: Missing option "access_token"
2023-03-30T13:44:58+00:00 DEBUG Tt4b_Pixel_Class::inject_view_content_event: hit injectViewContentEvent
2023-03-30T13:44:58+00:00 DEBUG Tt4b_Pixel_Class::inject_view_content_event: Missing option "access_token"
